0 info it worked if it ends with ok
1 verbose cli [ 'C:\\Program Files\\nodejs\\node.exe',
1 verbose cli   'C:\\Program Files\\nodejs\\node_modules\\npm\\bin\\npm-cli.js',
1 verbose cli   'install',
1 verbose cli   '--save',
1 verbose cli   'sleep' ]
2 info using npm@3.10.10
3 info using node@v6.10.2
4 silly loadCurrentTree Starting
5 silly install loadCurrentTree
6 silly install readLocalPackageData
7 silly fetchPackageMetaData sleep
8 silly fetchNamedPackageData sleep
9 silly mapToRegistry name sleep
10 silly mapToRegistry using default registry
11 silly mapToRegistry registry https://registry.npmjs.org/
12 silly mapToRegistry data Result {
12 silly mapToRegistry   raw: 'sleep',
12 silly mapToRegistry   scope: null,
12 silly mapToRegistry   escapedName: 'sleep',
12 silly mapToRegistry   name: 'sleep',
12 silly mapToRegistry   rawSpec: '',
12 silly mapToRegistry   spec: 'latest',
12 silly mapToRegistry   type: 'tag' }
13 silly mapToRegistry uri https://registry.npmjs.org/sleep
14 verbose request uri https://registry.npmjs.org/sleep
15 verbose request no auth needed
16 info attempt registry request try #1 at 2:43:27 PM
17 verbose request id 6312f1964121bcbb
18 verbose etag W/"594796d3-56ea"
19 verbose lastModified Mon, 19 Jun 2017 09:18:11 GMT
20 http request GET https://registry.npmjs.org/sleep
21 http 304 https://registry.npmjs.org/sleep
22 verbose headers { date: 'Tue, 27 Jun 2017 09:13:28 GMT',
22 verbose headers   via: '1.1 varnish',
22 verbose headers   'cache-control': 'max-age=300',
22 verbose headers   etag: 'W/"594796d3-56ea"',
22 verbose headers   age: '0',
22 verbose headers   connection: 'keep-alive',
22 verbose headers   'x-served-by': 'cache-sin18023-SIN',
22 verbose headers   'x-cache': 'HIT',
22 verbose headers   'x-cache-hits': '1',
22 verbose headers   'x-timer': 'S1498554808.283700,VS0,VE146',
22 verbose headers   vary: 'Accept-Encoding' }
23 silly get cb [ 304,
23 silly get   { date: 'Tue, 27 Jun 2017 09:13:28 GMT',
23 silly get     via: '1.1 varnish',
23 silly get     'cache-control': 'max-age=300',
23 silly get     etag: 'W/"594796d3-56ea"',
23 silly get     age: '0',
23 silly get     connection: 'keep-alive',
23 silly get     'x-served-by': 'cache-sin18023-SIN',
23 silly get     'x-cache': 'HIT',
23 silly get     'x-cache-hits': '1',
23 silly get     'x-timer': 'S1498554808.283700,VS0,VE146',
23 silly get     vary: 'Accept-Encoding' } ]
24 verbose etag https://registry.npmjs.org/sleep from cache
25 verbose get saving sleep to C:\Users\sagar.gohil\AppData\Roaming\npm-cache\registry.npmjs.org\sleep\.cache.json
26 verbose correctMkdir C:\Users\sagar.gohil\AppData\Roaming\npm-cache correctMkdir not in flight; initializing
27 silly install normalizeTree
28 silly loadCurrentTree Finishing
29 silly loadIdealTree Starting
30 silly install loadIdealTree
31 silly cloneCurrentTree Starting
32 silly install cloneCurrentTreeToIdealTree
33 silly cloneCurrentTree Finishing
34 silly loadShrinkwrap Starting
35 silly install loadShrinkwrap
36 silly loadShrinkwrap Finishing
37 silly loadAllDepsIntoIdealTree Starting
38 silly install loadAllDepsIntoIdealTree
39 silly resolveWithNewModule sleep@5.1.1 checking installable status
40 silly cache add args [ 'sleep', null ]
41 verbose cache add spec sleep
42 silly cache add parsed spec Result {
42 silly cache add   raw: 'sleep',
42 silly cache add   scope: null,
42 silly cache add   escapedName: 'sleep',
42 silly cache add   name: 'sleep',
42 silly cache add   rawSpec: '',
42 silly cache add   spec: 'latest',
42 silly cache add   type: 'tag' }
43 silly addNamed sleep@latest
44 verbose addNamed "latest" is being treated as a dist-tag for sleep
45 info addNameTag [ 'sleep', 'latest' ]
46 silly mapToRegistry name sleep
47 silly mapToRegistry using default registry
48 silly mapToRegistry registry https://registry.npmjs.org/
49 silly mapToRegistry data Result {
49 silly mapToRegistry   raw: 'sleep',
49 silly mapToRegistry   scope: null,
49 silly mapToRegistry   escapedName: 'sleep',
49 silly mapToRegistry   name: 'sleep',
49 silly mapToRegistry   rawSpec: '',
49 silly mapToRegistry   spec: 'latest',
49 silly mapToRegistry   type: 'tag' }
50 silly mapToRegistry uri https://registry.npmjs.org/sleep
51 verbose addNameTag registry:https://registry.npmjs.org/sleep not in flight; fetching
52 verbose get https://registry.npmjs.org/sleep not expired, no request
53 silly addNameTag next cb for sleep with tag latest
54 silly addNamed sleep@5.1.1
55 verbose addNamed "5.1.1" is a plain semver version for sleep
56 silly cache afterAdd sleep@5.1.1
57 verbose afterAdd C:\Users\sagar.gohil\AppData\Roaming\npm-cache\sleep\5.1.1\package\package.json not in flight; writing
58 verbose correctMkdir C:\Users\sagar.gohil\AppData\Roaming\npm-cache correctMkdir not in flight; initializing
59 verbose afterAdd C:\Users\sagar.gohil\AppData\Roaming\npm-cache\sleep\5.1.1\package\package.json written
60 silly loadAllDepsIntoIdealTree Finishing
61 silly loadIdealTree Finishing
62 silly currentTree sapchatbot@1.0.0
62 silly currentTree +-- abbrev@1.1.0
62 silly currentTree +-- ajv@4.11.8
62 silly currentTree +-- asap@2.0.5
62 silly currentTree +-- asn1@0.2.3
62 silly currentTree +-- assert-plus@0.2.0
62 silly currentTree +-- async@1.5.2
62 silly currentTree +-- asynckit@0.4.0
62 silly currentTree +-- aws-sign2@0.6.0
62 silly currentTree +-- aws4@1.6.0
62 silly currentTree +-- backoff@2.5.0
62 silly currentTree +-- balanced-match@0.4.2
62 silly currentTree +-- base64url@2.0.0
62 silly currentTree +-- bcrypt-pbkdf@1.0.1
62 silly currentTree +-- boom@2.10.1
62 silly currentTree +-- botbuilder-wit@2.0.8
62 silly currentTree +-- botbuilder@3.8.4
62 silly currentTree +-- brace-expansion@1.1.7
62 silly currentTree +-- buffer-equal-constant-time@1.0.1
62 silly currentTree +-- buffer-shims@1.0.0
62 silly currentTree +-- bunyan@1.8.10
62 silly currentTree | `-- dtrace-provider@0.8.1
62 silly currentTree +-- caseless@0.12.0
62 silly currentTree +-- chrono-node@1.3.4
62 silly currentTree +-- co@4.6.0
62 silly currentTree +-- combined-stream@1.0.5
62 silly currentTree +-- concat-map@0.0.1
62 silly currentTree +-- core-util-is@1.0.2
62 silly currentTree +-- cryptiles@2.0.5
62 silly currentTree +-- csv-generate@0.0.6
62 silly currentTree +-- csv-parse@1.2.0
62 silly currentTree +-- csv-stringify@0.0.8
62 silly currentTree +-- csv@0.4.6
62 silly currentTree +-- ctype@0.5.3
62 silly currentTree +-- dashdash@1.14.1
62 silly currentTree | `-- assert-plus@1.0.0
62 silly currentTree +-- dateformat@2.0.0
62 silly currentTree +-- debug@2.6.6
62 silly currentTree +-- delayed-stream@1.0.0
62 silly currentTree +-- dtrace-provider@0.6.0
62 silly currentTree +-- ecc-jsbn@0.1.1
62 silly currentTree +-- ecdsa-sig-formatter@1.0.9
62 silly currentTree +-- encoding@0.1.12
62 silly currentTree +-- enum@2.4.0
62 silly currentTree +-- escape-regexp-component@1.0.2
62 silly currentTree +-- exit@0.1.2
62 silly currentTree +-- extend@3.0.1
62 silly currentTree +-- extsprintf@1.0.2
62 silly currentTree +-- forever-agent@0.6.1
62 silly currentTree +-- form-data@2.1.4
62 silly currentTree +-- formidable@1.1.1
62 silly currentTree +-- fs.realpath@1.0.0
62 silly currentTree +-- getpass@0.1.7
62 silly currentTree | `-- assert-plus@1.0.0
62 silly currentTree +-- glob@6.0.4
62 silly currentTree +-- handle-thing@1.2.5
62 silly currentTree +-- har-schema@1.0.5
62 silly currentTree +-- har-validator@4.2.1
62 silly currentTree +-- hawk@3.1.3
62 silly currentTree +-- hoek@2.16.3
62 silly currentTree +-- hpack.js@2.1.6
62 silly currentTree | +-- isarray@1.0.0
62 silly currentTree | +-- readable-stream@2.2.9
62 silly currentTree | `-- string_decoder@1.0.0
62 silly currentTree +-- http-deceiver@1.2.7
62 silly currentTree +-- http-signature@1.1.1
62 silly currentTree +-- iconv-lite@0.4.17
62 silly currentTree +-- inflight@1.0.6
62 silly currentTree +-- inherits@2.0.3
62 silly currentTree +-- is-buffer@1.1.5
62 silly currentTree +-- is-stream@1.1.0
62 silly currentTree +-- is-typedarray@1.0.0
62 silly currentTree +-- isarray@1.0.0
62 silly currentTree +-- isemail@1.2.0
62 silly currentTree +-- isomorphic-fetch@2.2.1
62 silly currentTree +-- isstream@0.1.2
62 silly currentTree +-- joi@6.10.1
62 silly currentTree +-- jsbn@0.1.1
62 silly currentTree +-- jslint@0.10.3
62 silly currentTree | `-- glob@7.1.2
62 silly currentTree +-- json-schema@0.2.3
62 silly currentTree +-- json-stable-stringify@1.0.1
62 silly currentTree +-- json-stringify-safe@5.0.1
62 silly currentTree +-- jsonify@0.0.0
62 silly currentTree +-- jsonwebtoken@7.4.1
62 silly currentTree | `-- ms@2.0.0
62 silly currentTree +-- jsprim@1.4.0
62 silly currentTree | `-- assert-plus@1.0.0
62 silly currentTree +-- jwa@1.1.5
62 silly currentTree +-- jws@3.1.4
62 silly currentTree +-- keep-alive-agent@0.0.1
62 silly currentTree +-- lodash.once@4.1.1
62 silly currentTree +-- lru-cache@4.0.2
62 silly currentTree +-- mime-db@1.27.0
62 silly currentTree +-- mime-types@2.1.15
62 silly currentTree +-- mime@1.3.6
62 silly currentTree +-- minimalistic-assert@1.0.0
62 silly currentTree +-- minimatch@3.0.4
62 silly currentTree +-- mkdirp@0.5.1
62 silly currentTree | `-- minimist@0.0.8
62 silly currentTree +-- moment@2.18.1
62 silly currentTree +-- ms@0.7.3
62 silly currentTree +-- mv@2.1.1
62 silly currentTree +-- nan@2.6.2
62 silly currentTree +-- ncp@2.0.0
62 silly currentTree +-- negotiator@0.6.1
62 silly currentTree +-- node-fetch@1.6.3
62 silly currentTree +-- node-wit@4.2.0
62 silly currentTree | `-- uuid@3.0.1
62 silly currentTree +-- nodemailer@4.0.1
62 silly currentTree +-- nopt@3.0.6
62 silly currentTree +-- oauth-sign@0.8.2
62 silly currentTree +-- obuf@1.1.1
62 silly currentTree +-- odata@0.3.3
62 silly currentTree +-- once@1.4.0
62 silly currentTree +-- path-is-absolute@1.0.1
62 silly currentTree +-- performance-now@0.2.0
62 silly currentTree +-- precond@0.2.3
62 silly currentTree +-- process-nextick-args@1.0.7
62 silly currentTree +-- promise@7.3.1
62 silly currentTree +-- pseudomap@1.0.2
62 silly currentTree +-- q@1.5.0
62 silly currentTree +-- qs@6.4.0
62 silly currentTree +-- readable-stream@2.1.5
62 silly currentTree +-- request@2.81.0
62 silly currentTree +-- restify@4.3.0
62 silly currentTree | +-- asn1@0.1.11
62 silly currentTree | +-- assert-plus@0.1.5
62 silly currentTree | +-- extsprintf@1.3.0
62 silly currentTree | +-- http-signature@0.11.0
62 silly currentTree | +-- node-uuid@1.4.8
62 silly currentTree | +-- tunnel-agent@0.4.3
62 silly currentTree | `-- verror@1.10.0
62 silly currentTree |   `-- assert-plus@1.0.0
62 silly currentTree +-- rimraf@2.4.5
62 silly currentTree +-- rsa-pem-from-mod-exp@0.8.4
62 silly currentTree +-- safe-buffer@5.1.1
62 silly currentTree +-- safe-json-stringify@1.0.4
62 silly currentTree +-- select-hose@2.0.0
62 silly currentTree +-- semver@4.3.6
62 silly currentTree +-- sntp@1.0.9
62 silly currentTree +-- spdy-transport@2.0.18
62 silly currentTree | +-- isarray@1.0.0
62 silly currentTree | +-- readable-stream@2.2.9
62 silly currentTree | `-- string_decoder@1.0.0
62 silly currentTree +-- spdy@3.4.4
62 silly currentTree +-- sprintf-js@1.1.1
62 silly currentTree +-- sshpk@1.13.1
62 silly currentTree | `-- assert-plus@1.0.0
62 silly currentTree +-- stream-transform@0.1.2
62 silly currentTree +-- string_decoder@0.10.31
62 silly currentTree +-- stringstream@0.0.5
62 silly currentTree +-- topo@1.1.0
62 silly currentTree +-- tough-cookie@2.3.2
62 silly currentTree | `-- punycode@1.4.1
62 silly currentTree +-- tunnel-agent@0.6.0
62 silly currentTree +-- tweetnacl@0.14.5
62 silly currentTree +-- url-join@1.1.0
62 silly currentTree +-- util-deprecate@1.0.2
62 silly currentTree +-- uuid@3.0.1
62 silly currentTree +-- vasync@1.6.3
62 silly currentTree | +-- extsprintf@1.2.0
62 silly currentTree | `-- verror@1.6.0
62 silly currentTree +-- verror@1.3.6
62 silly currentTree +-- wbuf@1.7.2
62 silly currentTree +-- whatwg-fetch@2.0.3
62 silly currentTree +-- wrappy@1.0.2
62 silly currentTree +-- xhr2@0.1.4
62 silly currentTree +-- xtend@4.0.1
62 silly currentTree `-- yallist@2.1.2
63 silly idealTree sapchatbot@1.0.0
63 silly idealTree +-- abbrev@1.1.0
63 silly idealTree +-- ajv@4.11.8
63 silly idealTree +-- asap@2.0.5
63 silly idealTree +-- asn1@0.2.3
63 silly idealTree +-- assert-plus@0.2.0
63 silly idealTree +-- async@1.5.2
63 silly idealTree +-- asynckit@0.4.0
63 silly idealTree +-- aws-sign2@0.6.0
63 silly idealTree +-- aws4@1.6.0
63 silly idealTree +-- backoff@2.5.0
63 silly idealTree +-- balanced-match@0.4.2
63 silly idealTree +-- base64url@2.0.0
63 silly idealTree +-- bcrypt-pbkdf@1.0.1
63 silly idealTree +-- boom@2.10.1
63 silly idealTree +-- botbuilder-wit@2.0.8
63 silly idealTree +-- botbuilder@3.8.4
63 silly idealTree +-- brace-expansion@1.1.7
63 silly idealTree +-- buffer-equal-constant-time@1.0.1
63 silly idealTree +-- buffer-shims@1.0.0
63 silly idealTree +-- bunyan@1.8.10
63 silly idealTree | `-- dtrace-provider@0.8.1
63 silly idealTree +-- caseless@0.12.0
63 silly idealTree +-- chrono-node@1.3.4
63 silly idealTree +-- co@4.6.0
63 silly idealTree +-- combined-stream@1.0.5
63 silly idealTree +-- concat-map@0.0.1
63 silly idealTree +-- core-util-is@1.0.2
63 silly idealTree +-- cryptiles@2.0.5
63 silly idealTree +-- csv-generate@0.0.6
63 silly idealTree +-- csv-parse@1.2.0
63 silly idealTree +-- csv-stringify@0.0.8
63 silly idealTree +-- csv@0.4.6
63 silly idealTree +-- ctype@0.5.3
63 silly idealTree +-- dashdash@1.14.1
63 silly idealTree | `-- assert-plus@1.0.0
63 silly idealTree +-- dateformat@2.0.0
63 silly idealTree +-- debug@2.6.6
63 silly idealTree +-- delayed-stream@1.0.0
63 silly idealTree +-- dtrace-provider@0.6.0
63 silly idealTree +-- ecc-jsbn@0.1.1
63 silly idealTree +-- ecdsa-sig-formatter@1.0.9
63 silly idealTree +-- encoding@0.1.12
63 silly idealTree +-- enum@2.4.0
63 silly idealTree +-- escape-regexp-component@1.0.2
63 silly idealTree +-- exit@0.1.2
63 silly idealTree +-- extend@3.0.1
63 silly idealTree +-- extsprintf@1.0.2
63 silly idealTree +-- forever-agent@0.6.1
63 silly idealTree +-- form-data@2.1.4
63 silly idealTree +-- formidable@1.1.1
63 silly idealTree +-- fs.realpath@1.0.0
63 silly idealTree +-- getpass@0.1.7
63 silly idealTree | `-- assert-plus@1.0.0
63 silly idealTree +-- glob@6.0.4
63 silly idealTree +-- handle-thing@1.2.5
63 silly idealTree +-- har-schema@1.0.5
63 silly idealTree +-- har-validator@4.2.1
63 silly idealTree +-- hawk@3.1.3
63 silly idealTree +-- hoek@2.16.3
63 silly idealTree +-- hpack.js@2.1.6
63 silly idealTree | +-- isarray@1.0.0
63 silly idealTree | +-- readable-stream@2.2.9
63 silly idealTree | `-- string_decoder@1.0.0
63 silly idealTree +-- http-deceiver@1.2.7
63 silly idealTree +-- http-signature@1.1.1
63 silly idealTree +-- iconv-lite@0.4.17
63 silly idealTree +-- inflight@1.0.6
63 silly idealTree +-- inherits@2.0.3
63 silly idealTree +-- is-buffer@1.1.5
63 silly idealTree +-- is-stream@1.1.0
63 silly idealTree +-- is-typedarray@1.0.0
63 silly idealTree +-- isarray@1.0.0
63 silly idealTree +-- isemail@1.2.0
63 silly idealTree +-- isomorphic-fetch@2.2.1
63 silly idealTree +-- isstream@0.1.2
63 silly idealTree +-- joi@6.10.1
63 silly idealTree +-- jsbn@0.1.1
63 silly idealTree +-- jslint@0.10.3
63 silly idealTree | `-- glob@7.1.2
63 silly idealTree +-- json-schema@0.2.3
63 silly idealTree +-- json-stable-stringify@1.0.1
63 silly idealTree +-- json-stringify-safe@5.0.1
63 silly idealTree +-- jsonify@0.0.0
63 silly idealTree +-- jsonwebtoken@7.4.1
63 silly idealTree | `-- ms@2.0.0
63 silly idealTree +-- jsprim@1.4.0
63 silly idealTree | `-- assert-plus@1.0.0
63 silly idealTree +-- jwa@1.1.5
63 silly idealTree +-- jws@3.1.4
63 silly idealTree +-- keep-alive-agent@0.0.1
63 silly idealTree +-- lodash.once@4.1.1
63 silly idealTree +-- lru-cache@4.0.2
63 silly idealTree +-- mime-db@1.27.0
63 silly idealTree +-- mime-types@2.1.15
63 silly idealTree +-- mime@1.3.6
63 silly idealTree +-- minimalistic-assert@1.0.0
63 silly idealTree +-- minimatch@3.0.4
63 silly idealTree +-- mkdirp@0.5.1
63 silly idealTree | `-- minimist@0.0.8
63 silly idealTree +-- moment@2.18.1
63 silly idealTree +-- ms@0.7.3
63 silly idealTree +-- mv@2.1.1
63 silly idealTree +-- nan@2.6.2
63 silly idealTree +-- ncp@2.0.0
63 silly idealTree +-- negotiator@0.6.1
63 silly idealTree +-- node-fetch@1.6.3
63 silly idealTree +-- node-wit@4.2.0
63 silly idealTree | `-- uuid@3.0.1
63 silly idealTree +-- nodemailer@4.0.1
63 silly idealTree +-- nopt@3.0.6
63 silly idealTree +-- oauth-sign@0.8.2
63 silly idealTree +-- obuf@1.1.1
63 silly idealTree +-- odata@0.3.3
63 silly idealTree +-- once@1.4.0
63 silly idealTree +-- path-is-absolute@1.0.1
63 silly idealTree +-- performance-now@0.2.0
63 silly idealTree +-- precond@0.2.3
63 silly idealTree +-- process-nextick-args@1.0.7
63 silly idealTree +-- promise@7.3.1
63 silly idealTree +-- pseudomap@1.0.2
63 silly idealTree +-- q@1.5.0
63 silly idealTree +-- qs@6.4.0
63 silly idealTree +-- readable-stream@2.1.5
63 silly idealTree +-- request@2.81.0
63 silly idealTree +-- restify@4.3.0
63 silly idealTree | +-- asn1@0.1.11
63 silly idealTree | +-- assert-plus@0.1.5
63 silly idealTree | +-- extsprintf@1.3.0
63 silly idealTree | +-- http-signature@0.11.0
63 silly idealTree | +-- node-uuid@1.4.8
63 silly idealTree | +-- tunnel-agent@0.4.3
63 silly idealTree | `-- verror@1.10.0
63 silly idealTree |   `-- assert-plus@1.0.0
63 silly idealTree +-- rimraf@2.4.5
63 silly idealTree +-- rsa-pem-from-mod-exp@0.8.4
63 silly idealTree +-- safe-buffer@5.1.1
63 silly idealTree +-- safe-json-stringify@1.0.4
63 silly idealTree +-- select-hose@2.0.0
63 silly idealTree +-- semver@4.3.6
63 silly idealTree +-- sleep@5.1.1
63 silly idealTree +-- sntp@1.0.9
63 silly idealTree +-- spdy-transport@2.0.18
63 silly idealTree | +-- isarray@1.0.0
63 silly idealTree | +-- readable-stream@2.2.9
63 silly idealTree | `-- string_decoder@1.0.0
63 silly idealTree +-- spdy@3.4.4
63 silly idealTree +-- sprintf-js@1.1.1
63 silly idealTree +-- sshpk@1.13.1
63 silly idealTree | `-- assert-plus@1.0.0
63 silly idealTree +-- stream-transform@0.1.2
63 silly idealTree +-- string_decoder@0.10.31
63 silly idealTree +-- stringstream@0.0.5
63 silly idealTree +-- topo@1.1.0
63 silly idealTree +-- tough-cookie@2.3.2
63 silly idealTree | `-- punycode@1.4.1
63 silly idealTree +-- tunnel-agent@0.6.0
63 silly idealTree +-- tweetnacl@0.14.5
63 silly idealTree +-- url-join@1.1.0
63 silly idealTree +-- util-deprecate@1.0.2
63 silly idealTree +-- uuid@3.0.1
63 silly idealTree +-- vasync@1.6.3
63 silly idealTree | +-- extsprintf@1.2.0
63 silly idealTree | `-- verror@1.6.0
63 silly idealTree +-- verror@1.3.6
63 silly idealTree +-- wbuf@1.7.2
63 silly idealTree +-- whatwg-fetch@2.0.3
63 silly idealTree +-- wrappy@1.0.2
63 silly idealTree +-- xhr2@0.1.4
63 silly idealTree +-- xtend@4.0.1
63 silly idealTree `-- yallist@2.1.2
64 silly generateActionsToTake Starting
65 silly install generateActionsToTake
66 silly generateActionsToTake Finishing
67 silly diffTrees action count 1
68 silly diffTrees add sleep@5.1.1
69 silly decomposeActions action count 8
70 silly decomposeActions fetch sleep@5.1.1
71 silly decomposeActions extract sleep@5.1.1
72 silly decomposeActions test sleep@5.1.1
73 silly decomposeActions preinstall sleep@5.1.1
74 silly decomposeActions build sleep@5.1.1
75 silly decomposeActions install sleep@5.1.1
76 silly decomposeActions postinstall sleep@5.1.1
77 silly decomposeActions finalize sleep@5.1.1
78 silly runTopLevelLifecycles Starting
79 silly executeActions Starting
80 silly install executeActions
81 silly doSerial global-install 0
82 silly doParallel fetch 1
83 verbose correctMkdir C:\Users\sagar.gohil\AppData\Roaming\npm-cache\_locks correctMkdir not in flight; initializing
84 verbose lock using C:\Users\sagar.gohil\AppData\Roaming\npm-cache\_locks\staging-822cc9311c672597.lock for D:\Projects\BotPOC\InnoJamBot\node_modules\.staging
85 silly doParallel extract 1
86 silly extract sleep@5.1.1
87 verbose unbuild node_modules\.staging\sleep-4cebef17
88 silly gentlyRm D:\Projects\BotPOC\InnoJamBot\node_modules\.staging\sleep-4cebef17 is being purged from base D:\Projects\BotPOC\InnoJamBot
89 verbose gentlyRm don't care about contents; nuking D:\Projects\BotPOC\InnoJamBot\node_modules\.staging\sleep-4cebef17
90 verbose tar unpack C:\Users\sagar.gohil\AppData\Roaming\npm-cache\sleep\5.1.1\package.tgz
91 verbose tar unpacking to D:\Projects\BotPOC\InnoJamBot\node_modules\.staging\sleep-4cebef17
92 silly gentlyRm D:\Projects\BotPOC\InnoJamBot\node_modules\.staging\sleep-4cebef17 is being purged
93 verbose gentlyRm don't care about contents; nuking D:\Projects\BotPOC\InnoJamBot\node_modules\.staging\sleep-4cebef17
94 silly gunzTarPerm modes [ '777', '666' ]
95 silly gunzTarPerm extractEntry package.json
96 silly gunzTarPerm modified mode [ 'package.json', 436, 438 ]
97 silly gunzTarPerm extractEntry .npmignore
98 silly gunzTarPerm modified mode [ '.npmignore', 436, 438 ]
99 silly gunzTarPerm extractEntry README.md
100 silly gunzTarPerm modified mode [ 'README.md', 436, 438 ]
101 silly gunzTarPerm extractEntry test.js
102 silly gunzTarPerm modified mode [ 'test.js', 436, 438 ]
103 silly gunzTarPerm extractEntry index.js
104 silly gunzTarPerm modified mode [ 'index.js', 436, 438 ]
105 silly gunzTarPerm extractEntry LICENSE.txt
106 silly gunzTarPerm modified mode [ 'LICENSE.txt', 436, 438 ]
107 silly gunzTarPerm extractEntry sleep.cc
108 silly gunzTarPerm modified mode [ 'sleep.cc', 436, 438 ]
109 silly gunzTarPerm extractEntry binding.gyp
110 silly gunzTarPerm modified mode [ 'binding.gyp', 436, 438 ]
111 silly gentlyRm D:\Projects\BotPOC\InnoJamBot\node_modules\.staging\sleep-4cebef17\node_modules is being purged
112 verbose gentlyRm don't care about contents; nuking D:\Projects\BotPOC\InnoJamBot\node_modules\.staging\sleep-4cebef17\node_modules
113 silly doParallel preinstall 1
114 silly preinstall sleep@5.1.1 D:\Projects\BotPOC\InnoJamBot\node_modules\.staging\sleep-4cebef17
115 info lifecycle sleep@5.1.1~preinstall: sleep@5.1.1
116 silly lifecycle sleep@5.1.1~preinstall: no script for preinstall, continuing
117 silly doReverseSerial remove 0
118 silly doSerial move 0
119 silly doSerial finalize 1
120 silly finalize D:\Projects\BotPOC\InnoJamBot\node_modules\sleep
121 silly doSerial build 1
122 silly build sleep@5.1.1
123 info linkStuff sleep@5.1.1
124 silly linkStuff sleep@5.1.1 has D:\Projects\BotPOC\InnoJamBot\node_modules as its parent node_modules
125 verbose linkBins sleep@5.1.1
126 verbose linkMans sleep@5.1.1
127 silly doSerial global-link 0
128 silly doParallel update-linked 0
129 silly doSerial install 1
130 silly install sleep@5.1.1 D:\Projects\BotPOC\InnoJamBot\node_modules\.staging\sleep-4cebef17
131 info lifecycle sleep@5.1.1~install: sleep@5.1.1
132 verbose lifecycle sleep@5.1.1~install: unsafe-perm in lifecycle true
133 verbose lifecycle sleep@5.1.1~install: PATH: C:\Program Files\nodejs\node_modules\npm\bin\node-gyp-bin;D:\Projects\BotPOC\InnoJamBot\node_modules\sleep\node_modules\.bin;D:\Projects\BotPOC\InnoJamBot\node_modules\.bin;C:\Program Files (x86)\Intel\iCLS Client\;C:\Program Files\Intel\iCLS Client\;C:\Windows\system32;C:\Windows;C:\Windows\System32\Wbem;C:\Program Files (x86)\Intel\Intel(R) Management Engine Components\DAL;C:\Program Files\Intel\Intel(R) Management Engine Components\DAL;C:\Program Files (x86)\Intel\Intel(R) Management Engine Components\IPT;C:\Program Files\Intel\Intel(R) Management Engine Components\IPT;C:\Program Files\nodejs\;C:\Program Files\Microsoft SQL Server\130\Tools\Binn\;C:\Program Files\dotnet\;C:\Program Files\Git\cmd;C:\Program Files (x86)\Skype\Phone\;C:\Program Files\TortoiseSVN\bin;C:\Windows\System32\WindowsPowerShell\v1.0\;C:\Users\sagar.gohil\AppData\Roaming\npm
134 verbose lifecycle sleep@5.1.1~install: CWD: D:\Projects\BotPOC\InnoJamBot\node_modules\sleep
135 silly lifecycle sleep@5.1.1~install: Args: [ '/d /s /c', 'node-gyp rebuild' ]
136 silly lifecycle sleep@5.1.1~install: Returned: code: 1  signal: null
137 info lifecycle sleep@5.1.1~install: Failed to exec install script
138 verbose unlock done using C:\Users\sagar.gohil\AppData\Roaming\npm-cache\_locks\staging-822cc9311c672597.lock for D:\Projects\BotPOC\InnoJamBot\node_modules\.staging
139 silly rollbackFailedOptional Starting
140 silly rollbackFailedOptional Finishing
141 silly runTopLevelLifecycles Finishing
142 silly install printInstalled
143 warn sapchatbot@1.0.0 No repository field.
144 verbose If you need help, you may report this error at:
144 verbose     <https://github.com/npm/npm/issues>
145 verbose stack Error: sleep@5.1.1 install: `node-gyp rebuild`
145 verbose stack Exit status 1
145 verbose stack     at EventEmitter.<anonymous> (C:\Program Files\nodejs\node_modules\npm\lib\utils\lifecycle.js:255:16)
145 verbose stack     at emitTwo (events.js:106:13)
145 verbose stack     at EventEmitter.emit (events.js:191:7)
145 verbose stack     at ChildProcess.<anonymous> (C:\Program Files\nodejs\node_modules\npm\lib\utils\spawn.js:40:14)
145 verbose stack     at emitTwo (events.js:106:13)
145 verbose stack     at ChildProcess.emit (events.js:191:7)
145 verbose stack     at maybeClose (internal/child_process.js:886:16)
145 verbose stack     at Process.ChildProcess._handle.onexit (internal/child_process.js:226:5)
146 verbose pkgid sleep@5.1.1
147 verbose cwd D:\Projects\BotPOC\InnoJamBot
148 error Windows_NT 6.1.7601
149 error argv "C:\\Program Files\\nodejs\\node.exe" "C:\\Program Files\\nodejs\\node_modules\\npm\\bin\\npm-cli.js" "install" "--save" "sleep"
150 error node v6.10.2
151 error npm  v3.10.10
152 error code ELIFECYCLE
153 error sleep@5.1.1 install: `node-gyp rebuild`
153 error Exit status 1
154 error Failed at the sleep@5.1.1 install script 'node-gyp rebuild'.
154 error Make sure you have the latest version of node.js and npm installed.
154 error If you do, this is most likely a problem with the sleep package,
154 error not with npm itself.
154 error Tell the author that this fails on your system:
154 error     node-gyp rebuild
154 error You can get information on how to open an issue for this project with:
154 error     npm bugs sleep
154 error Or if that isn't available, you can get their info via:
154 error     npm owner ls sleep
154 error There is likely additional logging output above.
155 verbose exit [ 1, true ]
